{"/home/lopes/projects/studies/unityTesting-jokenpo/src/compareMoves.js": {"path":"/home/lopes/projects/studies/unityTesting-jokenpo/src/compareMoves.js","all":false,"statementMap":{"0":{"start":{"line":1,"column":0},"end":{"line":1,"column":49}},"1":{"start":{"line":2,"column":0},"end":{"line":2,"column":18}},"2":{"start":{"line":3,"column":0},"end":{"line":3,"column":17}},"3":{"start":{"line":4,"column":0},"end":{"line":4,"column":17}},"4":{"start":{"line":5,"column":0},"end":{"line":5,"column":16}},"5":{"start":{"line":6,"column":0},"end":{"line":6,"column":5}},"6":{"start":{"line":7,"column":0},"end":{"line":7,"column":46}},"7":{"start":{"line":8,"column":0},"end":{"line":8,"column":0}},"8":{"start":{"line":9,"column":0},"end":{"line":9,"column":49}},"9":{"start":{"line":10,"column":0},"end":{"line":10,"column":0}},"10":{"start":{"line":11,"column":0},"end":{"line":11,"column":62}},"11":{"start":{"line":12,"column":0},"end":{"line":12,"column":0}},"12":{"start":{"line":13,"column":0},"end":{"line":13,"column":25}},"13":{"start":{"line":14,"column":0},"end":{"line":14,"column":1}},"14":{"start":{"line":15,"column":0},"end":{"line":15,"column":0}},"15":{"start":{"line":16,"column":0},"end":{"line":16,"column":30}}},"s":{"0":3,"1":3,"2":3,"3":3,"4":3,"5":3,"6":3,"7":3,"8":3,"9":2,"10":3,"11":1,"12":1,"13":3,"14":1,"15":1},"branchMap":{"0":{"type":"branch","line":1,"loc":{"start":{"line":1,"column":0},"end":{"line":16,"column":30}},"locations":[{"start":{"line":1,"column":0},"end":{"line":16,"column":30}}]},"1":{"type":"branch","line":1,"loc":{"start":{"line":1,"column":0},"end":{"line":16,"column":30}},"locations":[{"start":{"line":1,"column":0},"end":{"line":16,"column":30}}]},"2":{"type":"branch","line":1,"loc":{"start":{"line":1,"column":0},"end":{"line":14,"column":1}},"locations":[{"start":{"line":1,"column":0},"end":{"line":14,"column":1}}]},"3":{"type":"branch","line":9,"loc":{"start":{"line":9,"column":36},"end":{"line":9,"column":49}},"locations":[{"start":{"line":9,"column":36},"end":{"line":9,"column":49}}]},"4":{"type":"branch","line":10,"loc":{"start":{"line":10,"column":-1},"end":{"line":11,"column":42}},"locations":[{"start":{"line":10,"column":-1},"end":{"line":11,"column":42}}]},"5":{"type":"branch","line":11,"loc":{"start":{"line":11,"column":42},"end":{"line":14,"column":0}},"locations":[{"start":{"line":11,"column":42},"end":{"line":14,"column":0}}]}},"b":{"0":[1],"1":[1],"2":[3],"3":[1],"4":[2],"5":[1]},"fnMap":{"0":{"name":"Object.<anonymous>","decl":{"start":{"line":1,"column":0},"end":{"line":16,"column":30}},"loc":{"start":{"line":1,"column":0},"end":{"line":16,"column":30}},"line":1},"1":{"name":"compareMoves","decl":{"start":{"line":1,"column":0},"end":{"line":14,"column":1}},"loc":{"start":{"line":1,"column":0},"end":{"line":14,"column":1}},"line":1}},"f":{"0":1,"1":3}}
,"/home/lopes/projects/studies/unityTesting-jokenpo/src/getPlayerMove.js": {"path":"/home/lopes/projects/studies/unityTesting-jokenpo/src/getPlayerMove.js","all":false,"statementMap":{"0":{"start":{"line":1,"column":0},"end":{"line":1,"column":44}},"1":{"start":{"line":2,"column":0},"end":{"line":2,"column":46}},"2":{"start":{"line":3,"column":0},"end":{"line":3,"column":0}},"3":{"start":{"line":4,"column":0},"end":{"line":4,"column":17}},"4":{"start":{"line":5,"column":0},"end":{"line":5,"column":1}},"5":{"start":{"line":6,"column":0},"end":{"line":6,"column":0}},"6":{"start":{"line":7,"column":0},"end":{"line":7,"column":31}}},"s":{"0":2,"1":2,"2":2,"3":2,"4":2,"5":1,"6":1},"branchMap":{"0":{"type":"branch","line":1,"loc":{"start":{"line":1,"column":0},"end":{"line":7,"column":31}},"locations":[{"start":{"line":1,"column":0},"end":{"line":7,"column":31}}]},"1":{"type":"branch","line":1,"loc":{"start":{"line":1,"column":0},"end":{"line":7,"column":31}},"locations":[{"start":{"line":1,"column":0},"end":{"line":7,"column":31}}]},"2":{"type":"branch","line":1,"loc":{"start":{"line":1,"column":0},"end":{"line":5,"column":1}},"locations":[{"start":{"line":1,"column":0},"end":{"line":5,"column":1}}]}},"b":{"0":[1],"1":[1],"2":[2]},"fnMap":{"0":{"name":"Object.<anonymous>","decl":{"start":{"line":1,"column":0},"end":{"line":7,"column":31}},"loc":{"start":{"line":1,"column":0},"end":{"line":7,"column":31}},"line":1},"1":{"name":"getPlayerMove","decl":{"start":{"line":1,"column":0},"end":{"line":5,"column":1}},"loc":{"start":{"line":1,"column":0},"end":{"line":5,"column":1}},"line":1}},"f":{"0":1,"1":2}}
,"/home/lopes/projects/studies/unityTesting-jokenpo/src/isPlayerMoveValid.js": {"path":"/home/lopes/projects/studies/unityTesting-jokenpo/src/isPlayerMoveValid.js","all":false,"statementMap":{"0":{"start":{"line":1,"column":0},"end":{"line":1,"column":56}},"1":{"start":{"line":2,"column":0},"end":{"line":2,"column":35}},"2":{"start":{"line":3,"column":0},"end":{"line":3,"column":0}},"3":{"start":{"line":4,"column":0},"end":{"line":4,"column":58}},"4":{"start":{"line":5,"column":0},"end":{"line":5,"column":0}},"5":{"start":{"line":6,"column":0},"end":{"line":6,"column":16}},"6":{"start":{"line":7,"column":0},"end":{"line":7,"column":1}},"7":{"start":{"line":8,"column":0},"end":{"line":8,"column":0}},"8":{"start":{"line":9,"column":0},"end":{"line":9,"column":35}}},"s":{"0":3,"1":3,"2":2,"3":3,"4":1,"5":1,"6":3,"7":1,"8":1},"branchMap":{"0":{"type":"branch","line":1,"loc":{"start":{"line":1,"column":0},"end":{"line":9,"column":35}},"locations":[{"start":{"line":1,"column":0},"end":{"line":9,"column":35}}]},"1":{"type":"branch","line":1,"loc":{"start":{"line":1,"column":0},"end":{"line":9,"column":35}},"locations":[{"start":{"line":1,"column":0},"end":{"line":9,"column":35}}]},"2":{"type":"branch","line":1,"loc":{"start":{"line":1,"column":0},"end":{"line":7,"column":1}},"locations":[{"start":{"line":1,"column":0},"end":{"line":7,"column":1}}]},"3":{"type":"branch","line":2,"loc":{"start":{"line":2,"column":23},"end":{"line":2,"column":35}},"locations":[{"start":{"line":2,"column":23},"end":{"line":2,"column":35}}]},"4":{"type":"branch","line":3,"loc":{"start":{"line":3,"column":-1},"end":{"line":4,"column":46}},"locations":[{"start":{"line":3,"column":-1},"end":{"line":4,"column":46}}]},"5":{"type":"branch","line":4,"loc":{"start":{"line":4,"column":46},"end":{"line":7,"column":0}},"locations":[{"start":{"line":4,"column":46},"end":{"line":7,"column":0}}]}},"b":{"0":[1],"1":[1],"2":[3],"3":[1],"4":[2],"5":[1]},"fnMap":{"0":{"name":"Object.<anonymous>","decl":{"start":{"line":1,"column":0},"end":{"line":9,"column":35}},"loc":{"start":{"line":1,"column":0},"end":{"line":9,"column":35}},"line":1},"1":{"name":"isPlayerMoveValid","decl":{"start":{"line":1,"column":0},"end":{"line":7,"column":1}},"loc":{"start":{"line":1,"column":0},"end":{"line":7,"column":1}},"line":1}},"f":{"0":1,"1":3}}
,"/home/lopes/projects/studies/unityTesting-jokenpo/src/machineMove.js": {"path":"/home/lopes/projects/studies/unityTesting-jokenpo/src/machineMove.js","all":false,"statementMap":{"0":{"start":{"line":1,"column":0},"end":{"line":1,"column":31}},"1":{"start":{"line":2,"column":0},"end":{"line":2,"column":63}},"2":{"start":{"line":3,"column":0},"end":{"line":3,"column":0}},"3":{"start":{"line":4,"column":0},"end":{"line":4,"column":28}},"4":{"start":{"line":5,"column":0},"end":{"line":5,"column":1}},"5":{"start":{"line":6,"column":0},"end":{"line":6,"column":0}},"6":{"start":{"line":7,"column":0},"end":{"line":7,"column":29}}},"s":{"0":1,"1":1,"2":1,"3":1,"4":1,"5":1,"6":1},"branchMap":{"0":{"type":"branch","line":1,"loc":{"start":{"line":1,"column":0},"end":{"line":7,"column":29}},"locations":[{"start":{"line":1,"column":0},"end":{"line":7,"column":29}}]},"1":{"type":"branch","line":1,"loc":{"start":{"line":1,"column":0},"end":{"line":7,"column":29}},"locations":[{"start":{"line":1,"column":0},"end":{"line":7,"column":29}}]},"2":{"type":"branch","line":1,"loc":{"start":{"line":1,"column":0},"end":{"line":5,"column":1}},"locations":[{"start":{"line":1,"column":0},"end":{"line":5,"column":1}}]}},"b":{"0":[1],"1":[1],"2":[1]},"fnMap":{"0":{"name":"Object.<anonymous>","decl":{"start":{"line":1,"column":0},"end":{"line":7,"column":29}},"loc":{"start":{"line":1,"column":0},"end":{"line":7,"column":29}},"line":1},"1":{"name":"machineMove","decl":{"start":{"line":1,"column":0},"end":{"line":5,"column":1}},"loc":{"start":{"line":1,"column":0},"end":{"line":5,"column":1}},"line":1}},"f":{"0":1,"1":1}}
,"/home/lopes/projects/studies/unityTesting-jokenpo/src/rematch.js": {"path":"/home/lopes/projects/studies/unityTesting-jokenpo/src/rematch.js","all":false,"statementMap":{"0":{"start":{"line":1,"column":0},"end":{"line":1,"column":32}},"1":{"start":{"line":2,"column":0},"end":{"line":2,"column":33}},"2":{"start":{"line":3,"column":0},"end":{"line":3,"column":1}},"3":{"start":{"line":4,"column":0},"end":{"line":4,"column":0}},"4":{"start":{"line":5,"column":0},"end":{"line":5,"column":24}}},"s":{"0":1,"1":1,"2":1,"3":1,"4":1},"branchMap":{"0":{"type":"branch","line":1,"loc":{"start":{"line":1,"column":0},"end":{"line":5,"column":24}},"locations":[{"start":{"line":1,"column":0},"end":{"line":5,"column":24}}]},"1":{"type":"branch","line":1,"loc":{"start":{"line":1,"column":0},"end":{"line":5,"column":24}},"locations":[{"start":{"line":1,"column":0},"end":{"line":5,"column":24}}]},"2":{"type":"branch","line":1,"loc":{"start":{"line":1,"column":0},"end":{"line":3,"column":1}},"locations":[{"start":{"line":1,"column":0},"end":{"line":3,"column":1}}]}},"b":{"0":[1],"1":[1],"2":[1]},"fnMap":{"0":{"name":"Object.<anonymous>","decl":{"start":{"line":1,"column":0},"end":{"line":5,"column":24}},"loc":{"start":{"line":1,"column":0},"end":{"line":5,"column":24}},"line":1},"1":{"name":"rematch","decl":{"start":{"line":1,"column":0},"end":{"line":3,"column":1}},"loc":{"start":{"line":1,"column":0},"end":{"line":3,"column":1}},"line":1}},"f":{"0":1,"1":1}}
}
