TN:
SF:src/compareMoves.js
FN:1,Object.<anonymous>
FN:1,compareMoves
FNF:2
FNH:2
FNDA:1,Object.<anonymous>
FNDA:3,compareMoves
DA:1,3
DA:2,3
DA:3,3
DA:4,3
DA:5,3
DA:6,3
DA:7,3
DA:8,3
DA:9,3
DA:10,2
DA:11,3
DA:12,1
DA:13,1
DA:14,3
DA:15,1
DA:16,1
LF:16
LH:16
BRDA:1,0,0,1
BRDA:1,1,0,1
BRDA:1,2,0,3
BRDA:9,3,0,1
BRDA:10,4,0,2
BRDA:11,5,0,1
BRF:6
BRH:6
end_of_record
TN:
SF:src/getPlayerMove.js
FN:1,Object.<anonymous>
FN:1,getPlayerMove
FNF:2
FNH:2
FNDA:1,Object.<anonymous>
FNDA:2,getPlayerMove
DA:1,2
DA:2,2
DA:3,2
DA:4,2
DA:5,2
DA:6,1
DA:7,1
LF:7
LH:7
BRDA:1,0,0,1
BRDA:1,1,0,1
BRDA:1,2,0,2
BRF:3
BRH:3
end_of_record
TN:
SF:src/isPlayerMoveValid.js
FN:1,Object.<anonymous>
FN:1,isPlayerMoveValid
FNF:2
FNH:2
FNDA:1,Object.<anonymous>
FNDA:3,isPlayerMoveValid
DA:1,3
DA:2,3
DA:3,2
DA:4,3
DA:5,1
DA:6,1
DA:7,3
DA:8,1
DA:9,1
LF:9
LH:9
BRDA:1,0,0,1
BRDA:1,1,0,1
BRDA:1,2,0,3
BRDA:2,3,0,1
BRDA:3,4,0,2
BRDA:4,5,0,1
BRF:6
BRH:6
end_of_record
TN:
SF:src/machineMove.js
FN:1,Object.<anonymous>
FN:1,machineMove
FNF:2
FNH:2
FNDA:1,Object.<anonymous>
FNDA:1,machineMove
DA:1,1
DA:2,1
DA:3,1
DA:4,1
DA:5,1
DA:6,1
DA:7,1
LF:7
LH:7
BRDA:1,0,0,1
BRDA:1,1,0,1
BRDA:1,2,0,1
BRF:3
BRH:3
end_of_record
TN:
SF:src/rematch.js
FN:1,Object.<anonymous>
FN:1,rematch
FNF:2
FNH:2
FNDA:1,Object.<anonymous>
FNDA:1,rematch
DA:1,1
DA:2,1
DA:3,1
DA:4,1
DA:5,1
LF:5
LH:5
BRDA:1,0,0,1
BRDA:1,1,0,1
BRDA:1,2,0,1
BRF:3
BRH:3
end_of_record
